<?xml version="1.0" encoding="UTF-8"?>
<!-- Generated by org.testng.reporters.JUnitReportReporter -->
<testsuite hostname="DESKTOP-QFJCKLU" failures="0" tests="1" name="testNg.BankDataProviderTest" time="0.000" errors="0" timestamp="2022-06-14T15:53:03 IST" skipped="1">
  <testcase classname="testNg.BankDataProviderTest" name="AmountTransferTest" time="0.000">
    <skipped/>
  </testcase> <!-- AmountTransferTest -->
  <system-out/>
</testsuite> <!-- testNg.BankDataProviderTest -->
