<?xml version="1.0" encoding="UTF-8"?>
<!-- Generated by org.testng.reporters.JUnitReportReporter -->
<testsuite hostname="DESKTOP-QFJCKLU" failures="0" tests="1" name="testNg.AnnotionsTest" time="0.012" errors="0" timestamp="2022-06-13T17:51:25 IST" skipped="0">
  <testcase classname="testNg.AnnotionsTest" name="f" time="0.012"/>
  <system-out/>
</testsuite> <!-- testNg.AnnotionsTest -->
