<?xml version="1.0" encoding="UTF-8"?>
<!-- Generated by org.testng.reporters.JUnitReportReporter -->
<testsuite hostname="DESKTOP-QFJCKLU" failures="0" tests="1" name="organization.CreateOrganizationAndVerify" time="18.694" errors="0" timestamp="2022-06-17T06:44:22 IST" skipped="0">
  <testcase classname="organization.CreateOrganizationAndVerify" name="CreateOrgTest" time="18.694"/>
  <system-out/>
</testsuite> <!-- organization.CreateOrganizationAndVerify -->
