<?xml version="1.0" encoding="UTF-8"?>
<!-- Generated by org.testng.reporters.JUnitReportReporter -->
<testsuite hostname="DESKTOP-QFJCKLU" failures="0" tests="5" name="testNg.Animal" time="0.022" errors="0" timestamp="2022-06-13T17:02:25 IST" skipped="0">
  <testcase classname="testNg.Animal" name="ratTest" time="0.002"/>
  <system-out>
    <![CDATA[small]]>
  </system-out>
  <testcase classname="testNg.Animal" name="ratTest" time="0.014"/>
  <system-out>
    <![CDATA[small]]>
  </system-out>
  <testcase classname="testNg.Animal" name="ratTest" time="0.002"/>
  <system-out>
    <![CDATA[small]]>
  </system-out>
  <testcase classname="testNg.Animal" name="dogTest" time="0.002"/>
  <system-out>
    <![CDATA[medium]]>
  </system-out>
  <testcase classname="testNg.Animal" name="elephantTest" time="0.002"/>
  <system-out>
    <![CDATA[big]]>
  </system-out>
</testsuite> <!-- testNg.Animal -->
