<?xml version="1.0" encoding="UTF-8"?>
<!-- Generated by org.testng.reporters.JUnitReportReporter -->
<testsuite hostname="DESKTOP-QFJCKLU" failures="0" tests="1" name="organization.CreateOrganizationAndVerifyTest" time="18.019" errors="0" timestamp="2022-06-23T08:00:38 IST" skipped="0">
  <testcase classname="organization.CreateOrganizationAndVerifyTest" name="CreateOrgTest" time="18.019"/>
  <system-out/>
</testsuite> <!-- organization.CreateOrganizationAndVerifyTest -->
