<?xml version="1.0" encoding="UTF-8"?>
<!-- Generated by org.testng.reporters.JUnitReportReporter -->
<testsuite hostname="DESKTOP-QFJCKLU" failures="0" tests="1" name="contct.ViewContact17" time="17.120" errors="0" timestamp="2022-06-15T16:15:57 IST" skipped="0">
  <testcase classname="contct.ViewContact17" name="View17" time="17.120"/>
  <system-out/>
</testsuite> <!-- contct.ViewContact17 -->
