<?xml version="1.0" encoding="UTF-8"?>
<!-- Generated by org.testng.reporters.JUnitReportReporter -->
<testsuite hostname="DESKTOP-QFJCKLU" failures="0" tests="1" name="organization.CreateOrganizationAndVerifyTest1" time="16.454" errors="0" timestamp="2022-06-23T07:40:17 IST" skipped="0">
  <testcase classname="organization.CreateOrganizationAndVerifyTest1" name="CreateOrgTest" time="16.454"/>
  <system-out/>
</testsuite> <!-- organization.CreateOrganizationAndVerifyTest1 -->
