<?xml version="1.0" encoding="UTF-8"?>
<!-- Generated by org.testng.reporters.JUnitReportReporter -->
<testsuite hostname="DESKTOP-QFJCKLU" failures="0" tests="1" name="contct.ViewContact" time="16.014" errors="0" timestamp="2022-06-15T16:15:57 IST" skipped="0">
  <testcase classname="contct.ViewContact" name="ViewTest" time="16.014"/>
  <system-out/>
</testsuite> <!-- contct.ViewContact -->
