<?xml version="1.0" encoding="UTF-8"?>
<!-- Generated by org.testng.reporters.JUnitReportReporter -->
<testsuite hostname="DESKTOP-QFJCKLU" failures="0" tests="1" name="contct.EditeContactAndVerify" time="20.335" errors="0" timestamp="2022-06-15T16:15:57 IST" skipped="0">
  <testcase classname="contct.EditeContactAndVerify" name="EditContact" time="20.335"/>
  <system-out/>
</testsuite> <!-- contct.EditeContactAndVerify -->
