<?xml version="1.0" encoding="UTF-8"?>
<!-- Generated by org.testng.reporters.JUnitReportReporter -->
<testsuite hostname="DESKTOP-QFJCKLU" failures="0" tests="1" name="com.crm.Contact.ViewContactTest" time="26.703" errors="0" timestamp="2022-06-23T07:19:28 IST" skipped="0">
  <testcase classname="com.crm.Contact.ViewContactTest" name="ViewTest" time="26.703"/>
  <system-out/>
</testsuite> <!-- com.crm.Contact.ViewContactTest -->
