<?xml version="1.0" encoding="UTF-8"?>
<!-- Generated by org.testng.reporters.JUnitReportReporter -->
<testsuite hostname="DESKTOP-QFJCKLU" failures="0" tests="3" name="testNg.BookbusticketTest" time="0.014" errors="0" timestamp="2022-06-14T13:06:04 IST" skipped="0">
  <testcase classname="testNg.BookbusticketTest" name="BookbusticketTest1" time="0.004"/>
  <system-out/>
  <testcase classname="testNg.BookbusticketTest" name="BookbusticketTest1" time="0.002"/>
  <system-out/>
  <testcase classname="testNg.BookbusticketTest" name="BookbusticketTest1" time="0.008"/>
  <system-out/>
</testsuite> <!-- testNg.BookbusticketTest -->
